2025-10-02 10:08:48,518 p=244860 u=root n=ansible INFO| host3 | UNREACHABLE! => {
    "changed": false,
    "msg": "Failed to connect to the host via ssh: ssh: Could not resolve hostname host3: Name or service not known",
    "unreachable": true
}
2025-10-02 10:08:48,519 p=244860 u=root n=ansible INFO| host2 | UNREACHABLE! => {
    "changed": false,
    "msg": "Failed to connect to the host via ssh: ssh: Could not resolve hostname host2: Name or service not known",
    "unreachable": true
}
2025-10-02 10:08:48,519 p=244860 u=root n=ansible INFO| host1 | UNREACHABLE! => {
    "changed": false,
    "msg": "Failed to connect to the host via ssh: ssh: Could not resolve hostname host1: Name or service not known",
    "unreachable": true
}
2025-10-07 10:29:44,927 p=380206 u=root n=ansible WARNING| [WARNING]: Unable to parse /root/ansible-training/exercises/webserver/host_inventory as an inventory
source

2025-10-07 10:29:44,927 p=380206 u=root n=ansible WARNING| [WARNING]: No inventory was parsed, only implicit localhost is available

2025-10-07 10:29:44,931 p=380206 u=root n=ansible WARNING| [WARNING]: provided hosts list is empty, only localhost is available. Note that the implicit
localhost does not match 'all'

2025-10-07 10:29:45,018 p=380206 u=root n=ansible ERROR| ERROR! couldn't resolve module/action 'firewalld'. This often indicates a misspelling, missing collection, or incorrect module path.

The error appears to be in '/root/ansible-training/exercises/webserver/webserver.yml': line 47, column 7, but may
be elsewhere in the file depending on the exact syntax problem.

The offending line appears to be:


    - name: Bind eth0 to public zone
      ^ here

2025-10-07 10:30:06,957 p=380216 u=root n=ansible ERROR| ERROR! couldn't resolve module/action 'firewalld'. This often indicates a misspelling, missing collection, or incorrect module path.

The error appears to be in '/root/ansible-training/exercises/webserver/webserver.yml': line 47, column 7, but may
be elsewhere in the file depending on the exact syntax problem.

The offending line appears to be:


    - name: Bind eth0 to public zone
      ^ here

2025-10-07 10:31:16,518 p=380235 u=root n=ansible ERROR| ERROR! couldn't resolve module/action 'ansible.posix.firewalld'. This often indicates a misspelling, missing collection, or incorrect module path.

The error appears to be in '/root/ansible-training/exercises/webserver/webserver.yml': line 47, column 7, but may
be elsewhere in the file depending on the exact syntax problem.

The offending line appears to be:


    - name: Bind eth0 to public zone
      ^ here

2025-10-07 10:32:01,750 p=380245 u=root n=ansible ERROR| ERROR! couldn't resolve module/action 'ansible.posix.firewalld'. This often indicates a misspelling, missing collection, or incorrect module path.

The error appears to be in '/root/ansible-training/exercises/webserver/webserver.yml': line 47, column 7, but may
be elsewhere in the file depending on the exact syntax problem.

The offending line appears to be:


    - name: Bind eth0 to public zone
      ^ here

